  Renderer.cpp
C:\Users\Admin\Documents\GitHub\CSC10003_SVG_READER\SVG_Reader\SVG_Reader\Renderer.cpp(93,181): warning C4244: 'argument': conversion from 'float' to 'BYTE', possible loss of data
C:\Users\Admin\Documents\GitHub\CSC10003_SVG_READER\SVG_Reader\SVG_Reader\Renderer.cpp(93,144): warning C4244: 'argument': conversion from 'float' to 'BYTE', possible loss of data
C:\Users\Admin\Documents\GitHub\CSC10003_SVG_READER\SVG_Reader\SVG_Reader\Renderer.cpp(93,107): warning C4244: 'argument': conversion from 'float' to 'BYTE', possible loss of data
C:\Users\Admin\Documents\GitHub\CSC10003_SVG_READER\SVG_Reader\SVG_Reader\Renderer.cpp(93,67): warning C4244: 'argument': conversion from 'float' to 'BYTE', possible loss of data
C:\Users\Admin\Documents\GitHub\CSC10003_SVG_READER\SVG_Reader\SVG_Reader\Renderer.cpp(94,117): warning C4244: 'argument': conversion from 'float' to 'BYTE', possible loss of data
C:\Users\Admin\Documents\GitHub\CSC10003_SVG_READER\SVG_Reader\SVG_Reader\Renderer.cpp(94,98): warning C4244: 'argument': conversion from 'float' to 'BYTE', possible loss of data
C:\Users\Admin\Documents\GitHub\CSC10003_SVG_READER\SVG_Reader\SVG_Reader\Renderer.cpp(94,79): warning C4244: 'argument': conversion from 'float' to 'BYTE', possible loss of data
C:\Users\Admin\Documents\GitHub\CSC10003_SVG_READER\SVG_Reader\SVG_Reader\Renderer.cpp(94,57): warning C4244: 'argument': conversion from 'float' to 'BYTE', possible loss of data
C:\Users\Admin\Documents\GitHub\CSC10003_SVG_READER\SVG_Reader\SVG_Reader\Renderer.cpp(101,179): warning C4244: 'argument': conversion from 'float' to 'BYTE', possible loss of data
C:\Users\Admin\Documents\GitHub\CSC10003_SVG_READER\SVG_Reader\SVG_Reader\Renderer.cpp(101,142): warning C4244: 'argument': conversion from 'float' to 'BYTE', possible loss of data
C:\Users\Admin\Documents\GitHub\CSC10003_SVG_READER\SVG_Reader\SVG_Reader\Renderer.cpp(101,105): warning C4244: 'argument': conversion from 'float' to 'BYTE', possible loss of data
C:\Users\Admin\Documents\GitHub\CSC10003_SVG_READER\SVG_Reader\SVG_Reader\Renderer.cpp(101,65): warning C4244: 'argument': conversion from 'float' to 'BYTE', possible loss of data
C:\Users\Admin\Documents\GitHub\CSC10003_SVG_READER\SVG_Reader\SVG_Reader\Renderer.cpp(102,115): warning C4244: 'argument': conversion from 'float' to 'BYTE', possible loss of data
C:\Users\Admin\Documents\GitHub\CSC10003_SVG_READER\SVG_Reader\SVG_Reader\Renderer.cpp(102,96): warning C4244: 'argument': conversion from 'float' to 'BYTE', possible loss of data
C:\Users\Admin\Documents\GitHub\CSC10003_SVG_READER\SVG_Reader\SVG_Reader\Renderer.cpp(102,77): warning C4244: 'argument': conversion from 'float' to 'BYTE', possible loss of data
C:\Users\Admin\Documents\GitHub\CSC10003_SVG_READER\SVG_Reader\SVG_Reader\Renderer.cpp(102,55): warning C4244: 'argument': conversion from 'float' to 'BYTE', possible loss of data
C:\Users\Admin\Documents\GitHub\CSC10003_SVG_READER\SVG_Reader\SVG_Reader\Renderer.cpp(103,141): warning C4244: 'argument': conversion from 'double' to 'Gdiplus::REAL', possible loss of data
C:\Users\Admin\Documents\GitHub\CSC10003_SVG_READER\SVG_Reader\SVG_Reader\Renderer.cpp(103,121): warning C4244: 'argument': conversion from 'double' to 'Gdiplus::REAL', possible loss of data
C:\Users\Admin\Documents\GitHub\CSC10003_SVG_READER\SVG_Reader\SVG_Reader\Renderer.cpp(104,140): warning C4244: 'argument': conversion from 'double' to 'Gdiplus::REAL', possible loss of data
C:\Users\Admin\Documents\GitHub\CSC10003_SVG_READER\SVG_Reader\SVG_Reader\Renderer.cpp(104,120): warning C4244: 'argument': conversion from 'double' to 'Gdiplus::REAL', possible loss of data
C:\Users\Admin\Documents\GitHub\CSC10003_SVG_READER\SVG_Reader\SVG_Reader\Renderer.cpp(109,176): warning C4244: 'argument': conversion from 'float' to 'BYTE', possible loss of data
C:\Users\Admin\Documents\GitHub\CSC10003_SVG_READER\SVG_Reader\SVG_Reader\Renderer.cpp(109,139): warning C4244: 'argument': conversion from 'float' to 'BYTE', possible loss of data
C:\Users\Admin\Documents\GitHub\CSC10003_SVG_READER\SVG_Reader\SVG_Reader\Renderer.cpp(109,102): warning C4244: 'argument': conversion from 'float' to 'BYTE', possible loss of data
C:\Users\Admin\Documents\GitHub\CSC10003_SVG_READER\SVG_Reader\SVG_Reader\Renderer.cpp(109,62): warning C4244: 'argument': conversion from 'float' to 'BYTE', possible loss of data
C:\Users\Admin\Documents\GitHub\CSC10003_SVG_READER\SVG_Reader\SVG_Reader\Renderer.cpp(115,179): warning C4244: 'argument': conversion from 'float' to 'BYTE', possible loss of data
C:\Users\Admin\Documents\GitHub\CSC10003_SVG_READER\SVG_Reader\SVG_Reader\Renderer.cpp(115,142): warning C4244: 'argument': conversion from 'float' to 'BYTE', possible loss of data
C:\Users\Admin\Documents\GitHub\CSC10003_SVG_READER\SVG_Reader\SVG_Reader\Renderer.cpp(115,105): warning C4244: 'argument': conversion from 'float' to 'BYTE', possible loss of data
C:\Users\Admin\Documents\GitHub\CSC10003_SVG_READER\SVG_Reader\SVG_Reader\Renderer.cpp(115,65): warning C4244: 'argument': conversion from 'float' to 'BYTE', possible loss of data
C:\Users\Admin\Documents\GitHub\CSC10003_SVG_READER\SVG_Reader\SVG_Reader\Renderer.cpp(116,115): warning C4244: 'argument': conversion from 'float' to 'BYTE', possible loss of data
C:\Users\Admin\Documents\GitHub\CSC10003_SVG_READER\SVG_Reader\SVG_Reader\Renderer.cpp(116,96): warning C4244: 'argument': conversion from 'float' to 'BYTE', possible loss of data
C:\Users\Admin\Documents\GitHub\CSC10003_SVG_READER\SVG_Reader\SVG_Reader\Renderer.cpp(116,77): warning C4244: 'argument': conversion from 'float' to 'BYTE', possible loss of data
C:\Users\Admin\Documents\GitHub\CSC10003_SVG_READER\SVG_Reader\SVG_Reader\Renderer.cpp(116,55): warning C4244: 'argument': conversion from 'float' to 'BYTE', possible loss of data
C:\Users\Admin\Documents\GitHub\CSC10003_SVG_READER\SVG_Reader\SVG_Reader\Renderer.cpp(117,15): warning C4267: 'initializing': conversion from 'size_t' to 'int', possible loss of data
C:\Users\Admin\Documents\GitHub\CSC10003_SVG_READER\SVG_Reader\SVG_Reader\Renderer.cpp(128,180): warning C4244: 'argument': conversion from 'float' to 'BYTE', possible loss of data
C:\Users\Admin\Documents\GitHub\CSC10003_SVG_READER\SVG_Reader\SVG_Reader\Renderer.cpp(128,143): warning C4244: 'argument': conversion from 'float' to 'BYTE', possible loss of data
C:\Users\Admin\Documents\GitHub\CSC10003_SVG_READER\SVG_Reader\SVG_Reader\Renderer.cpp(128,106): warning C4244: 'argument': conversion from 'float' to 'BYTE', possible loss of data
C:\Users\Admin\Documents\GitHub\CSC10003_SVG_READER\SVG_Reader\SVG_Reader\Renderer.cpp(128,66): warning C4244: 'argument': conversion from 'float' to 'BYTE', possible loss of data
C:\Users\Admin\Documents\GitHub\CSC10003_SVG_READER\SVG_Reader\SVG_Reader\Renderer.cpp(129,116): warning C4244: 'argument': conversion from 'float' to 'BYTE', possible loss of data
C:\Users\Admin\Documents\GitHub\CSC10003_SVG_READER\SVG_Reader\SVG_Reader\Renderer.cpp(129,97): warning C4244: 'argument': conversion from 'float' to 'BYTE', possible loss of data
C:\Users\Admin\Documents\GitHub\CSC10003_SVG_READER\SVG_Reader\SVG_Reader\Renderer.cpp(129,78): warning C4244: 'argument': conversion from 'float' to 'BYTE', possible loss of data
C:\Users\Admin\Documents\GitHub\CSC10003_SVG_READER\SVG_Reader\SVG_Reader\Renderer.cpp(129,56): warning C4244: 'argument': conversion from 'float' to 'BYTE', possible loss of data
C:\Users\Admin\Documents\GitHub\CSC10003_SVG_READER\SVG_Reader\SVG_Reader\Renderer.cpp(130,15): warning C4267: 'initializing': conversion from 'size_t' to 'int', possible loss of data
C:\Users\Admin\Documents\GitHub\CSC10003_SVG_READER\SVG_Reader\SVG_Reader\Renderer.cpp(145,57): warning C4267: 'argument': conversion from 'size_t' to 'INT', possible loss of data
  SVG_Reader.vcxproj -> C:\Users\Admin\Documents\GitHub\CSC10003_SVG_READER\SVG_Reader\x64\Debug\SVG_Reader.exe
